<?xml version="1.0" encoding="UTF-8"?>
<!-- Generated by org.testng.reporters.JUnitXMLReporter -->
<testsuite hostname="AMX-RL-19-255-W" ignored="1" name="Smoke test cases" tests="5" failures="1" timestamp="12 Dec 2020 06:32:50 GMT" time="24.055" errors="0">
  <testcase name="verifypagename" time="0.063" classname="com.org.qa.testcases.CreateLeadPage"/>
  <testcase name="verifypagetitle" time="0.015" classname="com.org.qa.testcases.CreateLeadPage"/>
  <testcase name="verifyPage" time="6.059" classname="com.org.qa.testcases.CreateLeadPage"/>
  <testcase name="verifyfirstname" time="0.042" classname="com.org.qa.testcases.CreateLeadPage"/>
  <testcase name="verifyleadtitle" time="0.015" classname="com.org.qa.testcases.CreateLeadPage">
    <failure type="java.lang.AssertionError" message="Correct lead page expected [View Lead | opentaps CRM1] but found [View Lead | opentaps CRM]">
      <![CDATA[java.lang.AssertionError: Correct lead page expected [View Lead | opentaps CRM1] but found [View Lead | opentaps CRM]
at com.org.qa.testcases.CreateLeadPage.verifyleadtitle(CreateLeadPage.java:120)
... Removed 30 stack frames]]>
    </failure>
  </testcase> <!-- verifyleadtitle -->
  <testcase name="verifyPage" time="0.0" classname="com.org.qa.testcases.CreateLeadPage">
    <ignored/>
  </testcase> <!-- verifyPage -->
</testsuite> <!-- Smoke test cases -->
