<?xml version="1.0" encoding="UTF-8"?>
<testng-results skipped="0" failed="1" ignored="1" total="6" passed="4">
  <reporter-output>
  </reporter-output>
  <suite name="Suite for Smoke testing" duration-ms="32719" started-at="2020-12-12T10:10:41Z" finished-at="2020-12-12T10:11:14Z">
    <groups>
    </groups>
    <test name="Smoke test cases" duration-ms="32719" started-at="2020-12-12T10:10:41Z" finished-at="2020-12-12T10:11:14Z">
      <class name="com.org.qa.testcases.CreateLeadPage">
        <test-method status="PASS" signature="setUp()[pri:0, instance:com.org.qa.testcases.CreateLeadPage@be64738]" name="setUp" is-config="true" duration-ms="24113" started-at="2020-12-12T10:10:41Z" description="Initialize the browser" finished-at="2020-12-12T10:11:06Z">
          <reporter-output>
          </reporter-output>
        </test-method> <!-- setUp -->
        <test-method status="PASS" signature="verifypagename()[pri:1, instance:com.org.qa.testcases.CreateLeadPage@be64738]" name="verifypagename" duration-ms="93" started-at="2020-12-12T10:11:06Z" description="This Test case From Test level to verify Page name" finished-at="2020-12-12T10:11:06Z">
          <reporter-output>
          </reporter-output>
        </test-method> <!-- verifypagename -->
        <test-method status="PASS" signature="verifypagetitle()[pri:2, instance:com.org.qa.testcases.CreateLeadPage@be64738]" name="verifypagetitle" duration-ms="23" started-at="2020-12-12T10:11:06Z" description="This Test case From Test level to verify Page title" finished-at="2020-12-12T10:11:06Z">
          <reporter-output>
          </reporter-output>
        </test-method> <!-- verifypagetitle -->
        <test-method status="PASS" signature="verifyPage()[pri:3, instance:com.org.qa.testcases.CreateLeadPage@be64738]" name="verifyPage" duration-ms="7477" started-at="2020-12-12T10:11:06Z" description="This Test case From Test level to Enter User details" finished-at="2020-12-12T10:11:13Z">
          <reporter-output>
          </reporter-output>
        </test-method> <!-- verifyPage -->
        <test-method status="PASS" signature="verifyfirstname()[pri:4, instance:com.org.qa.testcases.CreateLeadPage@be64738]" name="verifyfirstname" duration-ms="64" started-at="2020-12-12T10:11:13Z" description="This Test case From Test level to verify first name" finished-at="2020-12-12T10:11:13Z">
          <reporter-output>
          </reporter-output>
        </test-method> <!-- verifyfirstname -->
        <test-method status="FAIL" signature="verifyleadtitle()[pri:5, instance:com.org.qa.testcases.CreateLeadPage@be64738]" name="verifyleadtitle" duration-ms="24" started-at="2020-12-12T10:11:13Z" description="This Test case From Test level to verify page title" finished-at="2020-12-12T10:11:13Z">
          <exception class="java.lang.AssertionError">
            <message>
              <![CDATA[Correct lead page expected [View Lead | opentaps CRM1] but found [View Lead | opentaps CRM]]]>
            </message>
            <full-stacktrace>
              <![CDATA[java.lang.AssertionError: Correct lead page expected [View Lead | opentaps CRM1] but found [View Lead | opentaps CRM]
at org.testng.Assert.fail(Assert.java:96)
at org.testng.Assert.failNotEquals(Assert.java:776)
at org.testng.Assert.assertEqualsImpl(Assert.java:137)
at org.testng.Assert.assertEquals(Assert.java:118)
at org.testng.Assert.assertEquals(Assert.java:453)
at com.org.qa.testcases.CreateLeadPage.verifyleadtitle(CreateLeadPage.java:130)
at sun.reflect.NativeMethodAccessorImpl.invoke0(Native Method)
at sun.reflect.NativeMethodAccessorImpl.invoke(NativeMethodAccessorImpl.java:62)
at sun.reflect.DelegatingMethodAccessorImpl.invoke(DelegatingMethodAccessorImpl.java:43)
at java.lang.reflect.Method.invoke(Method.java:498)
at org.testng.internal.MethodInvocationHelper.invokeMethod(MethodInvocationHelper.java:124)
at org.testng.internal.Invoker.invokeMethod(Invoker.java:583)
at org.testng.internal.Invoker.invokeTestMethod(Invoker.java:719)
at org.testng.internal.Invoker.invokeTestMethods(Invoker.java:989)
at org.testng.internal.TestMethodWorker.invokeTestMethods(TestMethodWorker.java:125)
at org.testng.internal.TestMethodWorker.run(TestMethodWorker.java:109)
at org.testng.TestRunner.privateRun(TestRunner.java:648)
at org.testng.TestRunner.run(TestRunner.java:505)
at org.testng.SuiteRunner.runTest(SuiteRunner.java:455)
at org.testng.SuiteRunner.runSequentially(SuiteRunner.java:450)
at org.testng.SuiteRunner.privateRun(SuiteRunner.java:415)
at org.testng.SuiteRunner.run(SuiteRunner.java:364)
at org.testng.SuiteRunnerWorker.runSuite(SuiteRunnerWorker.java:52)
at org.testng.SuiteRunnerWorker.run(SuiteRunnerWorker.java:84)
at org.testng.TestNG.runSuitesSequentially(TestNG.java:1208)
at org.testng.TestNG.runSuitesLocally(TestNG.java:1137)
at org.testng.TestNG.runSuites(TestNG.java:1049)
at org.testng.TestNG.run(TestNG.java:1017)
at org.testng.remote.AbstractRemoteTestNG.run(AbstractRemoteTestNG.java:115)
at org.testng.remote.RemoteTestNG.initAndRun(RemoteTestNG.java:251)
at org.testng.remote.RemoteTestNG.main(RemoteTestNG.java:77)
]]>
            </full-stacktrace>
          </exception> <!-- java.lang.AssertionError -->
          <reporter-output>
          </reporter-output>
        </test-method> <!-- verifyleadtitle -->
        <test-method status="PASS" signature="teardown()[pri:0, instance:com.org.qa.testcases.CreateLeadPage@be64738]" name="teardown" is-config="true" duration-ms="612" started-at="2020-12-12T10:11:13Z" description="Closing the browser" finished-at="2020-12-12T10:11:14Z">
          <reporter-output>
          </reporter-output>
        </test-method> <!-- teardown -->
      </class> <!-- com.org.qa.testcases.CreateLeadPage -->
    </test> <!-- Smoke test cases -->
  </suite> <!-- Suite for Smoke testing -->
</testng-results>
