<?xml version="1.0" encoding="UTF-8"?>
<!-- Generated by org.testng.reporters.JUnitReportReporter -->
<testsuite skipped="1" hostname="AMX-RL-19-255-W" name="com.org.qa.testcases.CreateLeadPage" tests="6" failures="1" timestamp="12 Dec 2020 10:11:14 GMT" time="7.681" errors="0">
  <testcase name="verifypagename" time="0.093" classname="com.org.qa.testcases.CreateLeadPage"/>
  <testcase name="verifypagetitle" time="0.023" classname="com.org.qa.testcases.CreateLeadPage"/>
  <testcase name="verifyPage" time="7.477" classname="com.org.qa.testcases.CreateLeadPage"/>
  <testcase name="verifyfirstname" time="0.064" classname="com.org.qa.testcases.CreateLeadPage"/>
  <testcase name="verifyleadtitle" time="0.024" classname="com.org.qa.testcases.CreateLeadPage">
    <failure type="java.lang.AssertionError" message="Correct lead page expected [View Lead | opentaps CRM1] but found [View Lead | opentaps CRM]">
      <![CDATA[java.lang.AssertionError: Correct lead page expected [View Lead | opentaps CRM1] but found [View Lead | opentaps CRM]
at org.testng.Assert.fail(Assert.java:96)
at org.testng.Assert.failNotEquals(Assert.java:776)
at org.testng.Assert.assertEqualsImpl(Assert.java:137)
at org.testng.Assert.assertEquals(Assert.java:118)
at org.testng.Assert.assertEquals(Assert.java:453)
at com.org.qa.testcases.CreateLeadPage.verifyleadtitle(CreateLeadPage.java:130)
at sun.reflect.NativeMethodAccessorImpl.invoke0(Native Method)
at sun.reflect.NativeMethodAccessorImpl.invoke(NativeMethodAccessorImpl.java:62)
at sun.reflect.DelegatingMethodAccessorImpl.invoke(DelegatingMethodAccessorImpl.java:43)
at java.lang.reflect.Method.invoke(Method.java:498)
at org.testng.internal.MethodInvocationHelper.invokeMethod(MethodInvocationHelper.java:124)
at org.testng.internal.Invoker.invokeMethod(Invoker.java:583)
at org.testng.internal.Invoker.invokeTestMethod(Invoker.java:719)
at org.testng.internal.Invoker.invokeTestMethods(Invoker.java:989)
at org.testng.internal.TestMethodWorker.invokeTestMethods(TestMethodWorker.java:125)
at org.testng.internal.TestMethodWorker.run(TestMethodWorker.java:109)
at org.testng.TestRunner.privateRun(TestRunner.java:648)
at org.testng.TestRunner.run(TestRunner.java:505)
at org.testng.SuiteRunner.runTest(SuiteRunner.java:455)
at org.testng.SuiteRunner.runSequentially(SuiteRunner.java:450)
at org.testng.SuiteRunner.privateRun(SuiteRunner.java:415)
at org.testng.SuiteRunner.run(SuiteRunner.java:364)
at org.testng.SuiteRunnerWorker.runSuite(SuiteRunnerWorker.java:52)
at org.testng.SuiteRunnerWorker.run(SuiteRunnerWorker.java:84)
at org.testng.TestNG.runSuitesSequentially(TestNG.java:1208)
at org.testng.TestNG.runSuitesLocally(TestNG.java:1137)
at org.testng.TestNG.runSuites(TestNG.java:1049)
at org.testng.TestNG.run(TestNG.java:1017)
at org.testng.remote.AbstractRemoteTestNG.run(AbstractRemoteTestNG.java:115)
at org.testng.remote.RemoteTestNG.initAndRun(RemoteTestNG.java:251)
at org.testng.remote.RemoteTestNG.main(RemoteTestNG.java:77)
]]>
    </failure>
  </testcase> <!-- verifyleadtitle -->
  <testcase name="verifyPage" classname="com.org.qa.testcases.CreateLeadPage">
    <skipped/>
  </testcase> <!-- verifyPage -->
</testsuite> <!-- com.org.qa.testcases.CreateLeadPage -->
